Connection from ('127.0.0.1', 49198) 
Data received: 'IAMAT kiwi.cs.ucla.edu +34.068930-118.445127 1520000000.918963997'
Data sent to client: AT Goloman +8158757.436788082 kiwi.cs.ucla.edu +34.068930-118.445127 1520000000.918963997

Failed to flood message to Hands, 12559
Failed to flood message to Holiday, 12560
Failed to flood message to Wilkes, 12562
Data received: 'WHATSAT kiwi.cs.ucla.edu 20 50'
Invalid WHATSAT format!
Data sent to client: ? WHATSAT kiwi.cs.ucla.edu 20 50
Data received: 'WHATSAT kiwi.cs.ucla.edu 50 20'
Getting Json from Google Places
Closing Goloman
Connection from ('127.0.0.1', 49357) 
Data received: 'IAMAT kiwi.cs.ucla.edu +34.068930-118.445127 1520000000.918963997'
Data sent to client: AT Goloman +8158793.460937977 kiwi.cs.ucla.edu +34.068930-118.445127 1520000000.918963997

Failed to flood message to Hands, 12559
Failed to flood message to Holiday, 12560
Failed to flood message to Wilkes, 12562
Data received: 'WHATSAT kiwi.cs.ucla.edu 20 50'
Invalid WHATSAT format!
Data sent to client: ? WHATSAT kiwi.cs.ucla.edu 20 50
Data received: 'WHATSAT kiwi.cs.ucla.edu 50 20'
Getting Json from Google Places
Closing Goloman
Connection from ('127.0.0.1', 49567) 
Data received: 'IAMAT kiwi.cs.ucla.edu +34.068930-118.445127 1520000000.918963997'
Data sent to client: AT Goloman +8158848.375266075 kiwi.cs.ucla.edu +34.068930-118.445127 1520000000.918963997

Failed to flood message to Hands, 12559
Failed to flood message to Holiday, 12560
Failed to flood message to Wilkes, 12562
Data received: 'WHATSAT kiwi.cs.ucla.edu 50 20'
Getting Json from Google Places
Closing Goloman
Connection from ('127.0.0.1', 49749) 
Data received: 'IAMAT kiwi.cs.ucla.edu +34.068930-118.445127 1520000000.918963997'
Data sent to client: AT Goloman +8158909.385090113 kiwi.cs.ucla.edu +34.068930-118.445127 1520000000.918963997

Failed to flood message to Hands, 12559
Failed to flood message to Holiday, 12560
Failed to flood message to Wilkes, 12562
Data received: 'WHATSAT kiwi.cs.ucla.edu 50 20'
Getting Json from Google Places
Closing Goloman
Connection from ('127.0.0.1', 49820) 
Data received: 'IAMAT kiwi.cs.ucla.edu +34.068930-118.445127 1520000000.918963997'
Data sent to client: AT Goloman +8158938.45791316 kiwi.cs.ucla.edu +34.068930-118.445127 1520000000.918963997

Failed to flood message to Hands, 12559
Failed to flood message to Holiday, 12560
Failed to flood message to Wilkes, 12562
Data received: 'WHATSAT kiwi.cs.ucla.edu 50 20'
Getting Json from Google Places
Closing Goloman
Connection from ('127.0.0.1', 50180) 
Data received: 'IAMAT kiwi.cs.ucla.edu +34.068930-118.445127 1520000000.918963997'
Data sent to client: AT Goloman +8158973.498679161 kiwi.cs.ucla.edu +34.068930-118.445127 1520000000.918963997

Failed to flood message to Hands, 12559
Failed to flood message to Holiday, 12560
Failed to flood message to Wilkes, 12562
Data received: 'WHATSAT kiwi.cs.ucla.edu 50 20'
Getting Json from Google Places
Closing Goloman
Connection from ('127.0.0.1', 50255) 
Data received: 'IAMAT kiwi.cs.ucla.edu +34.068930-118.445127 1520000000.918963997'
Data sent to client: AT Goloman +8158995.500283241 kiwi.cs.ucla.edu +34.068930-118.445127 1520000000.918963997

Failed to flood message to Hands, 12559
Failed to flood message to Holiday, 12560
Failed to flood message to Wilkes, 12562
Data received: 'WHATSAT kiwi.cs.ucla.edu 50 20'
Getting Json from Google Places
Closing Goloman
Connection from ('127.0.0.1', 50990) 
Data received: 'IAMAT kiwi.cs.ucla.edu +34.068930-118.445127 1520000000.918963997'
Data sent to client: AT Goloman +8159072.329079151 kiwi.cs.ucla.edu +34.068930-118.445127 1520000000.918963997

Failed to flood message to Hands, 12559
Failed to flood message to Holiday, 12560
Failed to flood message to Wilkes, 12562
Data received: 'WHATSAT kiwi.cs.ucla.edu 50 20'
Getting Json from Google Places
Closing Goloman
Connection from ('127.0.0.1', 51469) 
Data received: 'IAMAT kiwi.cs.ucla.edu +34.068930-118.445127 1520000000.918963997'
Data sent to client: AT Goloman +8159210.729723215 kiwi.cs.ucla.edu +34.068930-118.445127 1520000000.918963997

Failed to flood message to Hands, 12559
Failed to flood message to Holiday, 12560
Failed to flood message to Wilkes, 12562
Data received: 'WHATSAT kiwi.cs.ucla.edu 50 20'
Getting Json from Google Places
Closing Goloman
Connection from ('127.0.0.1', 52767) 
Data received: 'IAMAT kiwi.cs.ucla.edu +34.068930-118.445127 1520000000.918963997'
Data sent to client: AT Goloman +8159518.602127075 kiwi.cs.ucla.edu +34.068930-118.445127 1520000000.918963997

Failed to flood message to Hands, 12559
Failed to flood message to Holiday, 12560
Failed to flood message to Wilkes, 12562
Data received: 'WHATSAT kiwi.cs.ucla.edu 50 20'
Getting Json from Google Places
Closing Goloman
Connection from ('127.0.0.1', 53147) 
Data received: 'IAMAT kiwi.cs.ucla.edu +34.068930-118.445127 1520000000.918963997'
Data sent to client: AT Goloman +8159626.74269104 kiwi.cs.ucla.edu +34.068930-118.445127 1520000000.918963997

Failed to flood message to Hands, 12559
Failed to flood message to Holiday, 12560
Failed to flood message to Wilkes, 12562
Data received: 'WHATSAT kiwi.cs.ucla.edu 50 20'
Getting Json from Google Places
Closing Goloman
Connection from ('127.0.0.1', 52568) 
Data received: 'IAMAT kiwi.cs.ucla.edu +34.068930-118.445127 1520000000.918963997'
Data sent to client: AT Goloman +8169752.739125013 kiwi.cs.ucla.edu +34.068930-118.445127 1520000000.918963997

Failed to flood message to Hands, 12559
Failed to flood message to Holiday, 12560
Failed to flood message to Wilkes, 12562
Data received: 'WHATSAT kiwi.cs.ucla.edu 50 20'
Getting Json from Google Places
Data received: 'WHATSAT kiwi.cs.ucla.edu 1 1'
Getting Json from Google Places
Closing Goloman
Connection from ('127.0.0.1', 58354) 
Data received: 'Hands is up'
Connection from ('127.0.0.1', 58384) 
Data received: 'Wilkes is up'
Closing Goloman
Connected to Wilkes
Closing Goloman
Connection from ('127.0.0.1', 62451) 
Data received: 'IAMAT kiwi.cs.ucla.edu 33.46161970.651851 1520000000.918963997'
Closing Goloman
Connection from ('127.0.0.1', 62534) 
Data received: 'IAMAT kiwi.cs.ucla.edu 33.46161970.651851 1520000000.918963997'
Invalid IAMAT format!
Data sent to client: ? IAMAT kiwi.cs.ucla.edu 33.46161970.651851 1520000000.918963997
Data received: 'IAMAT kiwi.cs.ucla.edu +33.46161970.651851 1520000000.918963997'
Data sent to client: AT Goloman +8172030.372546196 kiwi.cs.ucla.edu +33.46161970.651851 1520000000.918963997

Failed to flood message to Hands, 12559
Failed to flood message to Holiday, 12560
Failed to flood message to Wilkes, 12562
Data received: 'IAMAT kiwi.cs.ucla.edu -33.46161970.651851 1520000000.918963997'
Data sent to client: AT Goloman +8172030.372546196 kiwi.cs.ucla.edu -33.46161970.651851 1520000000.918963997

Failed to flood message to Hands, 12559
Failed to flood message to Holiday, 12560
Failed to flood message to Wilkes, 12562
Data received: 'IAMAT kiwi.cs.ucla.edu -33.46161-970.651851 1520000000.918963997'
Data sent to client: AT Goloman +8172030.372546196 kiwi.cs.ucla.edu -33.46161-970.651851 1520000000.918963997

Failed to flood message to Hands, 12559
Failed to flood message to Holiday, 12560
Failed to flood message to Wilkes, 12562
Data received: 'IAMAT kiwi.cs.ucla.edu 33.46161-970.651851 1520000000.918963997'
Data sent to client: AT Goloman +8172030.372546196 kiwi.cs.ucla.edu 33.46161-970.651851 1520000000.918963997

Failed to flood message to Hands, 12559
Failed to flood message to Holiday, 12560
Failed to flood message to Wilkes, 12562
Closing Goloman
Connection from ('127.0.0.1', 63013) 
Data received: 'IAMAT kiwi.cs.ucla.edu 33.46161-970.651851 1520000000.918963997'
Data sent to client: AT Goloman +8172144.7152450085 kiwi.cs.ucla.edu 33.46161-970.651851 1520000000.918963997

Failed to flood message to Hands, 12559
Failed to flood message to Holiday, 12560
Failed to flood message to Wilkes, 12562
Data received: 'IAMAT kiwi.cs.ucla.edu 33.46161970.651851 1520000000.918963997'
Invalid IAMAT format!
Data sent to client: ? IAMAT kiwi.cs.ucla.edu 33.46161970.651851 1520000000.918963997
Data received: 'IAMAT kiwi.cs.ucla.edu -33.46161970.651851 1520000000.918963997'
Data sent to client: AT Goloman +8172144.7152450085 kiwi.cs.ucla.edu -33.46161970.651851 1520000000.918963997

Failed to flood message to Hands, 12559
Failed to flood message to Holiday, 12560
Failed to flood message to Wilkes, 12562
Closing Goloman
Connection from ('127.0.0.1', 63216) 
Data received: 'IAMAT kiwi.cs.ucla.edu -33.46161970.651851 1520000000.918963997'
Data sent to client: AT Goloman +8172216.967247248 kiwi.cs.ucla.edu -33.46161970.651851 1520000000.918963997

Failed to flood message to Hands, 12559
Failed to flood message to Holiday, 12560
Failed to flood message to Wilkes, 12562
Data received: 'IAMAT kiwi.cs.ucla.edu 33.46161970.651851 1520000000.918963997'
Invalid IAMAT format!
Data sent to client: ? IAMAT kiwi.cs.ucla.edu 33.46161970.651851 1520000000.918963997
Data received: 'IAMAT kiwi.cs.ucla.edu 33.46161-970.651851 1520000000.918963997'
Data sent to client: AT Goloman +8172216.967247248 kiwi.cs.ucla.edu 33.46161-970.651851 1520000000.918963997

Failed to flood message to Hands, 12559
Failed to flood message to Holiday, 12560
Failed to flood message to Wilkes, 12562
Closing Goloman
Connection from ('127.0.0.1', 64917) 
Data received: 'IAMAT kiwi.cs.ucla.edu 33.46161-970.651851 1520000000.918963997'
Data sent to client: AT Goloman +8172578.886507034 kiwi.cs.ucla.edu 33.46161-970.651851 1520000000.918963997

Failed to flood message to Hands, 12559
Failed to flood message to Holiday, 12560
Failed to flood message to Wilkes, 12562
Data received: 'IAMAT kiwi.cs.ucla.edu -33.46161-970.651851 1520000000.918963997'
Data sent to client: AT Goloman +8172578.886507034 kiwi.cs.ucla.edu -33.46161-970.651851 1520000000.918963997

Failed to flood message to Hands, 12559
Failed to flood message to Holiday, 12560
Failed to flood message to Wilkes, 12562
Data received: 'IAMAT kiwi.cs.ucla.edu -33.46161970.651851 1520000000.918963997'
Data sent to client: AT Goloman +8172578.886507034 kiwi.cs.ucla.edu -33.46161970.651851 1520000000.918963997

Failed to flood message to Hands, 12559
Failed to flood message to Holiday, 12560
Failed to flood message to Wilkes, 12562
Data received: 'IAMAT kiwi.cs.ucla.edu -33.4616+1970.651851 1520000000.918963997'
Data sent to client: AT Goloman +8172578.886507034 kiwi.cs.ucla.edu -33.4616+1970.651851 1520000000.918963997

Failed to flood message to Hands, 12559
Failed to flood message to Holiday, 12560
Failed to flood message to Wilkes, 12562
Data received: 'IAMAT kiwi.cs.ucla.edu 33.46161970.651851 1520000000.918963997'
Invalid IAMAT format!
Data sent to client: ? IAMAT kiwi.cs.ucla.edu 33.46161970.651851 1520000000.918963997
Closing Goloman
Connection from ('127.0.0.1', 65241) 
Data received: 'IAMAT kiwi.cs.ucla.edu 33.46161970.651851 1520000000.918963997'
Invalid IAMAT format!
Data sent to client: ? IAMAT kiwi.cs.ucla.edu 33.46161970.651851 1520000000.918963997
Data received: 'IAMAT kiwi.cs.ucla.edu 33.4616-1970.651851 1520000000.918963997'
Data sent to client: AT Goloman +8172641.7323560715 kiwi.cs.ucla.edu 33.4616-1970.651851 1520000000.918963997

Failed to flood message to Hands, 12559
Failed to flood message to Holiday, 12560
Failed to flood message to Wilkes, 12562
Data received: 'IAMAT kiwi.cs.ucla.edu -33.4616-1970.651851 1520000000.918963997'
Data sent to client: AT Goloman +8172641.7323560715 kiwi.cs.ucla.edu -33.4616-1970.651851 1520000000.918963997

Failed to flood message to Hands, 12559
Failed to flood message to Holiday, 12560
Failed to flood message to Wilkes, 12562
Data received: 'IAMAT kiwi.cs.ucla.edu -33.46161970.651851 1520000000.918963997'
Data sent to client: AT Goloman +8172641.7323560715 kiwi.cs.ucla.edu -33.46161970.651851 1520000000.918963997

Failed to flood message to Hands, 12559
Failed to flood message to Holiday, 12560
Failed to flood message to Wilkes, 12562
Closing Goloman
Connection from ('127.0.0.1', 51542) 
Data received: 'IAMAT kiwi.cs.ucla.edu -33.46161970.651851 1520000000.918963997'
Data sent to client: AT Goloman +8173357.089998245 kiwi.cs.ucla.edu -33.46161970.651851 1520000000.918963997

Failed to flood message to Hands, 12559
Failed to flood message to Holiday, 12560
Failed to flood message to Wilkes, 12562
Data received: 'IAMAT kiwi.cs.ucla.edu -33.461619+70.651851 1520000000.918963997'
Data sent to client: AT Goloman +8173357.089998245 kiwi.cs.ucla.edu -33.461619+70.651851 1520000000.918963997

Failed to flood message to Hands, 12559
Failed to flood message to Holiday, 12560
Failed to flood message to Wilkes, 12562
Closing Goloman
Connection from ('127.0.0.1', 51756) 
Data received: 'IAMAT kiwi.cs.ucla.edu -33.461619+70.651851 1520000000.918963997'
Data sent to client: AT Goloman +8173413.123877287 kiwi.cs.ucla.edu -33.461619+70.651851 1520000000.918963997

Failed to flood message to Hands, 12559
Failed to flood message to Holiday, 12560
Failed to flood message to Wilkes, 12562
Data received: 'IAMAT kiwi.cs.ucla.edu -33.461619+70.651851 1520000000.918963997'
Data sent to client: AT Goloman +8173413.123877287 kiwi.cs.ucla.edu -33.461619+70.651851 1520000000.918963997

Failed to flood message to Hands, 12559
Failed to flood message to Holiday, 12560
Failed to flood message to Wilkes, 12562
Closing Goloman
Connection from ('127.0.0.1', 51868) 
Data received: 'IAMAT kiwi.cs.ucla.edu -33.461619+70.651851 1520000000.918963997'
Data sent to client: AT Goloman +8173444.385632038 kiwi.cs.ucla.edu -33.461619+70.651851 1520000000.918963997

Failed to flood message to Hands, 12559
Failed to flood message to Holiday, 12560
Failed to flood message to Wilkes, 12562
Closing Goloman
Connection from ('127.0.0.1', 51960) 
Data received: 'IAMAT kiwi.cs.ucla.edu -33.461619+70.651851 1520000000.918963997'
Data sent to client: AT Goloman +8173472.364241123 kiwi.cs.ucla.edu -33.461619+70.651851 1520000000.918963997

Failed to flood message to Hands, 12559
Failed to flood message to Holiday, 12560
Failed to flood message to Wilkes, 12562
Closing Goloman
Connection from ('127.0.0.1', 52868) 
Data received: 'IAMAT kiwi.cs.ucla.edu -33.461619+70.651851 1520000000.918963997'
Data sent to client: AT Goloman +8173578.540165186 kiwi.cs.ucla.edu -33.461619+70.651851 1520000000.918963997

Failed to flood message to Hands, 12559
Failed to flood message to Holiday, 12560
Failed to flood message to Wilkes, 12562
Data received: 'IAMAT kiwi.cs.ucla.edu -33.46161970.651851 1520000000.918963997'
Data sent to client: AT Goloman +8173578.540165186 kiwi.cs.ucla.edu -33.46161970.651851 1520000000.918963997

Failed to flood message to Hands, 12559
Failed to flood message to Holiday, 12560
Failed to flood message to Wilkes, 12562
Data received: 'IAMAT kiwi.cs.ucla.edu 33.46161970.651851 1520000000.918963997'
Data sent to client: AT Goloman +8173578.540165186 kiwi.cs.ucla.edu 33.46161970.651851 1520000000.918963997

Failed to flood message to Hands, 12559
Failed to flood message to Holiday, 12560
Failed to flood message to Wilkes, 12562
Closing Goloman
Connection from ('127.0.0.1', 53425) 
Data received: 'IAMAT kiwi.cs.ucla.edu 33.46161970.651851 1520000000.918963997'
Closing Goloman
Connection from ('127.0.0.1', 53464) 
Data received: 'IAMAT kiwi.cs.ucla.edu 33.46161970.651851 1520000000.918963997'
Invalid IAMAT format!
Data sent to client: ? IAMAT kiwi.cs.ucla.edu 33.46161970.651851 1520000000.918963997
Data received: 'IAMAT kiwi.cs.ucla.edu 33.46161-970.651851 1520000000.918963997'
Invalid IAMAT format!
Data sent to client: ? IAMAT kiwi.cs.ucla.edu 33.46161-970.651851 1520000000.918963997
Data received: 'IAMAT kiwi.cs.ucla.edu -33.46161-970.651851 1520000000.918963997'
Invalid IAMAT format!
Data sent to client: ? IAMAT kiwi.cs.ucla.edu -33.46161-970.651851 1520000000.918963997
Data received: 'IAMAT kiwi.cs.ucla.edu +33.46161-970.651851 1520000000.918963997'
Invalid IAMAT format!
Data sent to client: ? IAMAT kiwi.cs.ucla.edu +33.46161-970.651851 1520000000.918963997
Closing Goloman
Connection from ('127.0.0.1', 54298) 
Data received: 'IAMAT kiwi.cs.ucla.edu +33.46161-970.651851 1520000000.918963997'
Data sent to client: AT Goloman +8173870.314617157 kiwi.cs.ucla.edu +33.46161-970.651851 1520000000.918963997

Failed to flood message to Hands, 12559
Failed to flood message to Holiday, 12560
Failed to flood message to Wilkes, 12562
Data received: 'IAMAT kiwi.cs.ucla.edu +33.46161970.651851 1520000000.918963997'
Invalid IAMAT format!
Data sent to client: ? IAMAT kiwi.cs.ucla.edu +33.46161970.651851 1520000000.918963997
Data received: 'IAMAT kiwi.cs.ucla.edu +33.4616197+0.651851 1520000000.918963997'
Data sent to client: AT Goloman +8173870.314617157 kiwi.cs.ucla.edu +33.4616197+0.651851 1520000000.918963997

Failed to flood message to Hands, 12559
Failed to flood message to Holiday, 12560
Failed to flood message to Wilkes, 12562
Data received: 'IAMAT kiwi.cs.ucla.edu +33.46161970.651851 1520000000.918963997'
Invalid IAMAT format!
Data sent to client: ? IAMAT kiwi.cs.ucla.edu +33.46161970.651851 1520000000.918963997
Data received: 'IAMAT kiwi.cs.ucla.edu 33.46161970.651851 1520000000.918963997'
Invalid IAMAT format!
Data sent to client: ? IAMAT kiwi.cs.ucla.edu 33.46161970.651851 1520000000.918963997
Data received: 'IAMAT kiwi.cs.ucla.edu 33.461619-70.651851 1520000000.918963997'
Invalid IAMAT format!
Data sent to client: ? IAMAT kiwi.cs.ucla.edu 33.461619-70.651851 1520000000.918963997
Data received: 'IAMAT kiwi.cs.ucla.edu 33.461619+70.651851 1520000000.918963997'
Invalid IAMAT format!
Data sent to client: ? IAMAT kiwi.cs.ucla.edu 33.461619+70.651851 1520000000.918963997
Data received: 'IAMAT kiwi.cs.ucla.edu -33.461619+70.651851 1520000000.918963997'
Data sent to client: AT Goloman +8173870.314617157 kiwi.cs.ucla.edu -33.461619+70.651851 1520000000.918963997

Failed to flood message to Hands, 12559
Failed to flood message to Holiday, 12560
Failed to flood message to Wilkes, 12562
Data received: 'IAMAT golden -33.461619-70.651851 1520000000.918963997'
Data sent to client: AT Goloman +8174153.343381166 golden -33.461619-70.651851 1520000000.918963997

Failed to flood message to Hands, 12559
Failed to flood message to Holiday, 12560
Failed to flood message to Wilkes, 12562
Data received: 'WHATSAT golden 1 1'
Getting Json from Google Places
Closing Goloman
Connection from ('127.0.0.1', 56096) 
Data received: 'IAMAT golden -33.461619-70.651851 1520000000.918963997'
Data sent to client: AT Goloman +8174220.757191896 golden -33.461619-70.651851 1520000000.918963997

Failed to flood message to Hands, 12559
Failed to flood message to Holiday, 12560
Failed to flood message to Wilkes, 12562
Data received: 'WHATSAT golden 1 1'
Getting Json from Google Places
Closing Goloman
Connection from ('127.0.0.1', 56509) 
Data received: 'IAMAT golden -33.461619-70.651851 1520000000.918963997'
Data sent to client: AT Goloman +8174342.183815002 golden -33.461619-70.651851 1520000000.918963997

Failed to flood message to Hands, 12559
Failed to flood message to Holiday, 12560
Failed to flood message to Wilkes, 12562
Data received: 'WHATSAT golden 1 1'
Getting Json from Google Places
Closing Goloman
Connection from ('127.0.0.1', 57508) 
Data received: 'IAMAT golden -33.461619-70.651851 1520000000.918963997'
Data sent to client: AT Goloman +8174514.541514158 golden -33.461619-70.651851 1520000000.918963997

Failed to flood message to Hands, 12559
Failed to flood message to Holiday, 12560
Failed to flood message to Wilkes, 12562
Data received: 'WHATSAT golden 1 1'
Getting Json from Google Places
Closing Goloman
Connection from ('127.0.0.1', 57863) 
Data received: 'IAMAT golden -33.461619-70.651851 1520000000.918963997'
Data sent to client: AT Goloman +8174602.943480015 golden -33.461619-70.651851 1520000000.918963997

Failed to flood message to Hands, 12559
Failed to flood message to Holiday, 12560
Failed to flood message to Wilkes, 12562
Data received: 'WHATSAT golden 1 1'
Getting Json from Google Places
Closing Goloman
Connection from ('127.0.0.1', 58083) 
Data received: 'IAMAT golden -33.461619-70.651851 1520000000.918963997'
Data sent to client: AT Goloman +8174635.286811113 golden -33.461619-70.651851 1520000000.918963997

Failed to flood message to Hands, 12559
Failed to flood message to Holiday, 12560
Failed to flood message to Wilkes, 12562
Data received: 'WHATSAT golden 1 1'
Getting Json from Google Places
Data received: 'IAMAT golden -33.461619+70.651851 1520000000.918963997'
Data sent to client: AT Goloman +8174635.286811113 golden -33.461619+70.651851 1520000000.918963997

Failed to flood message to Hands, 12559
Failed to flood message to Holiday, 12560
Failed to flood message to Wilkes, 12562
Data received: 'WHATSAT golden 1 1'
Getting Json from Google Places
Data received: 'IAMAT golden +33.461619+70.651851 1520000000.918963997'
Data sent to client: AT Goloman +8174635.286811113 golden +33.461619+70.651851 1520000000.918963997

Failed to flood message to Hands, 12559
Failed to flood message to Holiday, 12560
Failed to flood message to Wilkes, 12562
Data received: 'WHATSAT golden 1 1'
Getting Json from Google Places
Data received: 'IAMAT golden -33.461619+70.651851 1520000000.918963997'
Data sent to client: AT Goloman +8174635.286811113 golden -33.461619+70.651851 1520000000.918963997

Failed to flood message to Hands, 12559
Failed to flood message to Holiday, 12560
Failed to flood message to Wilkes, 12562
Data received: 'WHATSAT golden 1 1'
Getting Json from Google Places
Data received: 'IAMAT golden -33.461619-70.651851 1520000000.918963997'
Data sent to client: AT Goloman +8174635.286811113 golden -33.461619-70.651851 1520000000.918963997

Failed to flood message to Hands, 12559
Failed to flood message to Holiday, 12560
Failed to flood message to Wilkes, 12562
Data received: 'WHATSAT golden 1 1'
Getting Json from Google Places
Closing Goloman
Connection from ('127.0.0.1', 53381) 
Data received: 'AT Holiday +8257430.773287058 golden -33.461619-70.651851 1520000000.918963997'
New client created: golden
Try forwarding AT message to: Hands: 12559
Try forwarding AT message to: Wilkes: 12562
Connection from ('127.0.0.1', 53382) 
Data received: 'AT Wilkes Holiday +8257430.773287058 golden -33.461619-70.651851 1520000000.918963997'
Already received this information or the timestamp is newer
Successfully flooded message to Hands, 12559 
Successfully flooded message to Wilkes, 12562 
Connection from ('127.0.0.1', 53386) 
Data received: 'AT Hands Wilkes Holiday +8257430.773287058 golden -33.461619-70.651851 1520000000.918963997'
Already received this information or the timestamp is newer
Connection from ('127.0.0.1', 56642) 
Data received: 'AT Holiday +8257430.773287058 golden -33.461619-70.651851 1520000000.918963997'
Already received this information or the timestamp is newer
Connection from ('127.0.0.1', 56657) 
Data received: 'AT Holiday +8257430.773287058 golden -33.461619-70.651851 1520000000.918963997'
Already received this information or the timestamp is newer
Connection from ('127.0.0.1', 56660) 
Data received: 'AT Holiday +8257430.773287058 golden -33.461619-70.651851 1520000000.918963997'
Already received this information or the timestamp is newer
Connection from ('127.0.0.1', 56663) 
Data received: 'AT Holiday +8257430.773287058 golden -33.461619-70.651851 1520000000.918963997'
Already received this information or the timestamp is newer
Connection from ('127.0.0.1', 56666) 
Data received: 'AT Holiday +8257430.773287058 golden -33.461619-70.651851 1520000000.918963997'
Already received this information or the timestamp is newer
Connection from ('127.0.0.1', 56669) 
Data received: 'AT Holiday +8257430.773287058 golden -33.461619-70.651851 1520000000.918963997'
Already received this information or the timestamp is newer
Connection from ('127.0.0.1', 56672) 
Data received: 'AT Holiday +8257430.773287058 golden -33.461619-70.651851 1520000000.918963997'
Already received this information or the timestamp is newer
Connection from ('127.0.0.1', 56675) 
Data received: 'AT Holiday +8257430.773287058 golden -33.461619-70.651851 1520000000.918963997'
Already received this information or the timestamp is newer
Connection from ('127.0.0.1', 56678) 
Data received: 'AT Holiday +8257430.773287058 golden -33.461619-70.651851 1520000000.918963997'
Already received this information or the timestamp is newer
Connection from ('127.0.0.1', 56681) 
Data received: 'AT Holiday +8257430.773287058 golden -33.461619-70.651851 1520000000.918963997'
Already received this information or the timestamp is newer
Connection from ('127.0.0.1', 56694) 
Data received: 'AT Holiday +8257430.773287058 golden -33.461619-70.651851 1520000000.918963997'
Already received this information or the timestamp is newer
Connection from ('127.0.0.1', 56704) 
Data received: 'AT Holiday +8321947.0306789875 goldennnnn -33.461619-70.651851 1520000000.918963997'
New client created: goldennnnn
Try forwarding AT message to: Hands: 12559
Try forwarding AT message to: Wilkes: 12562
Connection from ('127.0.0.1', 56706) 
Successfully flooded message to Hands, 12559 
Successfully flooded message to Wilkes, 12562 
Data received: 'AT Wilkes Holiday +8321947.0306789875 goldennnnn -33.461619-70.651851 1520000000.918963997'
Already received this information or the timestamp is newer
Connection from ('127.0.0.1', 56713) 
Data received: 'AT Holiday +8321947.0306789875 goldennnnn -33.461619-70.651851 1520000000.918963997'
Already received this information or the timestamp is newer
Connection from ('127.0.0.1', 56716) 
Data received: 'AT Holiday +8321947.0306789875 goldennnnn -33.461619-70.651851 1520000000.918963997'
Already received this information or the timestamp is newer
Connection from ('127.0.0.1', 56719) 
Data received: 'AT Holiday +8321947.0306789875 goldennnnn -33.461619-70.651851 1520000000.918963997'
Already received this information or the timestamp is newer
Connection from ('127.0.0.1', 56722) 
Data received: 'AT Holiday +8322031.505894899 goldennnnn -33.461619-70.651851 1520000010.918963997'
Updated client information: ['-33.461619-70.651851', '+8322031.505894899', '1520000000.918963997']
Try forwarding AT message to: Hands: 12559
Try forwarding AT message to: Wilkes: 12562
Connection from ('127.0.0.1', 56723) 
Successfully flooded message to Hands, 12559 
Successfully flooded message to Wilkes, 12562 
Data received: 'AT Wilkes Holiday +8322031.505894899 goldennnnn -33.461619-70.651851 1520000010.918963997'
Already received this information or the timestamp is newer
Connection from ('127.0.0.1', 56730) 
Data received: 'AT Holiday +8322031.505894899 goldennnnn -33.461619-70.651851 15200000.918963997'
Already received this information or the timestamp is newer
Connection from ('127.0.0.1', 59081) 
Data received: 'AT Holiday +8322031.505894899 goldennnnn -33.461619-70.651851 15200000.918963997'
Already received this information or the timestamp is newer
Connection from ('127.0.0.1', 59085) 
Data received: 'AT Holiday +8322031.505894899 goldennnnn -33.461619-70.651851 15200000.918963997'
Already received this information or the timestamp is newer
Connection from ('127.0.0.1', 59088) 
Data received: 'AT Holiday +8322031.505894899 goldennnnn -33.461619-70.651851 15200000.918963997'
Already received this information or the timestamp is newer
Connection from ('127.0.0.1', 59091) 
Data received: 'AT Holiday +8322031.505894899 goldennnnn -33.461619-70.651851 15200000.918963997'
Already received this information or the timestamp is newer
Connection from ('127.0.0.1', 59100) 
Data received: 'AT Holiday +8322031.505894899 goldennnnn -33.461619-70.651851 15200000.918963997'
Already received this information or the timestamp is newer
Connection from ('127.0.0.1', 59103) 
Data received: 'AT Holiday +1513035721.630063 goldennnnn -33.461619-70.651851 15300000.918963997'
Already received this information or the timestamp is newer
Connection from ('127.0.0.1', 59106) 
Data received: 'AT Holiday +1513035721.630063 goldennnnn -33.461619-70.651851 15100000.918963997'
Already received this information or the timestamp is newer
Connection from ('127.0.0.1', 59111) 
Data received: 'AT Holiday +1513035721.630063 goldennnnn -33.461619-70.651851 15100000.918963997'
Already received this information or the timestamp is newer
Connection from ('127.0.0.1', 59114) 
Data received: 'AT Holiday +1513035721.630063 goldennnnn -33.461619-70.651851 15100000.918963997'
Already received this information or the timestamp is newer
Connection from ('127.0.0.1', 59117) 
Data received: 'AT Holiday +1377335771.23583 goldennnnn -33.461619-70.651851 151000000.918963997'
Already received this information or the timestamp is newer
Connection from ('127.0.0.1', 59121) 
Data received: 'AT Holiday +17335776.665034056 goldennnnn -33.461619-70.651851 1511000000.918963997'
Already received this information or the timestamp is newer
Connection from ('127.0.0.1', 59126) 
Data received: 'AT Holiday +17335776.665034056 goldennnnn -33.461619-70.651851 15000000.918963997'
Already received this information or the timestamp is newer
Connection from ('127.0.0.1', 59129) 
Data received: 'AT Holiday +17335776.665034056 goldennnnn -33.461619-70.651851 1500000.918963997'
Already received this information or the timestamp is newer
Connection from ('127.0.0.1', 59133) 
Data received: 'AT Holiday +17335776.665034056 goldennnnn -33.461619-70.651851 1500000.918963997'
Already received this information or the timestamp is newer
Connection from ('127.0.0.1', 59137) 
Data received: 'AT Holiday +17335776.665034056 goldennnnn -33.461619-70.651851 1500.918963997'
Already received this information or the timestamp is newer
Connection from ('127.0.0.1', 59140) 
Data received: 'AT Holiday +28335796.64685917 goldennnnn -33.461619-70.651851 1500000000.918963997'
Already received this information or the timestamp is newer
Connection from ('127.0.0.1', 59143) 
Data received: 'AT Holiday +28335796.64685917 goldennnnn -33.461619-70.651851 1500000.918963997'
Already received this information or the timestamp is newer
Closing Goloman
Connection from ('127.0.0.1', 59582) 
Data received: 'AT Holiday +1378337300.27731 goldennnnn -33.461619-70.651851 150000000'
New client created: goldennnnn
Try forwarding AT message to: Hands: 12559
Try forwarding AT message to: Wilkes: 12562
Connection from ('127.0.0.1', 59583) 
Data received: 'AT Wilkes Holiday +1378337300.27731 goldennnnn -33.461619-70.651851 150000000'
Successfully flooded message to Hands, 12559 
Successfully flooded message to Wilkes, 12562 
Already received this information or the timestamp is newer
Connection from ('127.0.0.1', 59587) 
Data received: 'AT Hands Wilkes Holiday +1378337300.27731 goldennnnn -33.461619-70.651851 150000000'
Already received this information or the timestamp is newer
Connection from ('127.0.0.1', 59590) 
Data received: 'AT Holiday +28337306.644490957 goldennnnn -33.461619-70.651851 1500000000'
Updated client information: ['-33.461619-70.651851', '+28337306.644490957', '150000000']
Try forwarding AT message to: Hands: 12559
Try forwarding AT message to: Wilkes: 12562
Connection from ('127.0.0.1', 59592) 
Successfully flooded message to Hands, 12559 
Data received: 'AT Wilkes Holiday +28337306.644490957 goldennnnn -33.461619-70.651851 1500000000'
Successfully flooded message to Wilkes, 12562 
Already received this information or the timestamp is newer
Connection from ('127.0.0.1', 59598) 
Data received: 'AT Holiday -13471662690.706614 goldennnnn -33.461619-70.651851 15000000000'
Updated client information: ['-33.461619-70.651851', '-13471662690.706614', '150000000']
Try forwarding AT message to: Hands: 12559
Try forwarding AT message to: Wilkes: 12562
Connection from ('127.0.0.1', 59599) 
Successfully flooded message to Hands, 12559 
Data received: 'AT Wilkes Holiday -13471662690.706614 goldennnnn -33.461619-70.651851 15000000000'
Successfully flooded message to Wilkes, 12562 
Already received this information or the timestamp is newer
Connection from ('127.0.0.1', 59606) 
Data received: 'AT Holiday -71662685.58916092 goldennnnn -33.461619-70.651851 1600000000'
Updated client information: ['-33.461619-70.651851', '-71662685.58916092', '150000000']
Try forwarding AT message to: Hands: 12559
Try forwarding AT message to: Wilkes: 12562
Connection from ('127.0.0.1', 59608) 
Successfully flooded message to Hands, 12559 
Successfully flooded message to Wilkes, 12562 
Data received: 'AT Wilkes Holiday -71662685.58916092 goldennnnn -33.461619-70.651851 1600000000'
Already received this information or the timestamp is newer
Connection from ('127.0.0.1', 59619) 
Data received: 'AT Holiday -71662667.59193087 goldennnnn -33.461619-70.651851 1600000000'
Already received this information or the timestamp is newer
Closing Goloman
Connection from ('127.0.0.1', 59632) 
Data received: 'AT Holiday +8313464.08937192 kiwi.cs.ucla.edu +34.068930-118.445127 1520023934.918963997'
New client created: kiwi.cs.ucla.edu
Try forwarding AT message to: Hands: 12559
Try forwarding AT message to: Wilkes: 12562
Connection from ('127.0.0.1', 59633) 
Successfully flooded message to Hands, 12559 
Successfully flooded message to Wilkes, 12562 
Data received: 'AT Wilkes Holiday +8313464.08937192 kiwi.cs.ucla.edu +34.068930-118.445127 1520023934.918963997'
Already received this information or the timestamp is newer
Connection from ('127.0.0.1', 59641) 
Data received: 'AT Holiday +7313503.623999119 kiwi.cs.ucla.edu +34.068930-118.445127 1521023934.918963997'
Already received this information or the timestamp is newer
Connection from ('127.0.0.1', 59650) 
Data received: 'AT Holiday +6313559.644042015 kiwi.cs.ucla.edu +34.068930-118.445127 1522023934.918963997'
Already received this information or the timestamp is newer
Connection from ('127.0.0.1', 59658) 
Data received: 'AT Holiday +5313589.071855068 kiwi.cs.ucla.edu +35.068930-118.445127 1523023934.918963997'
Already received this information or the timestamp is newer
Closing Goloman
