Connection from ('127.0.0.1', 53378) 
Data received: 'IAMAT golden -33.461619-70.651851 1520000000.918963997'
Data sent to client: AT Holiday +8257430.773287058 golden -33.461619-70.651851 1520000000.918963997

Successfully flooded message to Welsh, 12561 
Successfully flooded message to Wilkes, 12562 
Successfully flooded message to Goloman, 12558 
Data received: 'IAMAT golden -33.461619-70.651851 1520000000.918963997'
Data sent to client: AT Holiday +8257430.773287058 golden -33.461619-70.651851 1520000000.918963997

Successfully flooded message to Welsh, 12561 
Successfully flooded message to Wilkes, 12562 
Successfully flooded message to Goloman, 12558 
Data received: 'IAMAT golden -33.461619-70.651851 1520000000.918963997'
Data sent to client: AT Holiday +8257430.773287058 golden -33.461619-70.651851 1520000000.918963997

Successfully flooded message to Welsh, 12561 
Successfully flooded message to Wilkes, 12562 
Successfully flooded message to Goloman, 12558 
Data received: ''
Data received: 'IAMAT golden -33.461619-70.651851 1520000000.918963997'
Data sent to client: AT Holiday +8257430.773287058 golden -33.461619-70.651851 1520000000.918963997

Successfully flooded message to Welsh, 12561 
Successfully flooded message to Wilkes, 12562 
Successfully flooded message to Goloman, 12558 
Data received: 'IAMAT golden -33.461619-70.651851 1520000000.918963997'
Data sent to client: AT Holiday +8257430.773287058 golden -33.461619-70.651851 1520000000.918963997

Successfully flooded message to Welsh, 12561 
Successfully flooded message to Wilkes, 12562 
Successfully flooded message to Goloman, 12558 
Data received: 'IAMAT golden -33.461619-70.651851 1520000000.918963997'
Data sent to client: AT Holiday +8257430.773287058 golden -33.461619-70.651851 1520000000.918963997

Successfully flooded message to Welsh, 12561 
Successfully flooded message to Wilkes, 12562 
Successfully flooded message to Goloman, 12558 
Data received: 'IAMAT golden -33.461619-70.651851 1520000000.918963997'
Data sent to client: AT Holiday +8257430.773287058 golden -33.461619-70.651851 1520000000.918963997

Successfully flooded message to Welsh, 12561 
Successfully flooded message to Wilkes, 12562 
Successfully flooded message to Goloman, 12558 
Data received: 'IAMAT golden -33.461619-70.651851 1520000000.918963997'
Data sent to client: AT Holiday +8257430.773287058 golden -33.461619-70.651851 1520000000.918963997

Successfully flooded message to Welsh, 12561 
Successfully flooded message to Wilkes, 12562 
Successfully flooded message to Goloman, 12558 
Data received: 'IAMAT golden -33.461619-70.651851 1520000000.918963997'
Data sent to client: AT Holiday +8257430.773287058 golden -33.461619-70.651851 1520000000.918963997

Successfully flooded message to Welsh, 12561 
Successfully flooded message to Wilkes, 12562 
Successfully flooded message to Goloman, 12558 
Data received: 'IAMAT golden -33.461619-70.651851 1520000000.918963997'
Data sent to client: AT Holiday +8257430.773287058 golden -33.461619-70.651851 1520000000.918963997

Successfully flooded message to Welsh, 12561 
Successfully flooded message to Wilkes, 12562 
Successfully flooded message to Goloman, 12558 
Data received: 'IAMAT golden -33.461619-70.651851 1520000000.918963997'
Data sent to client: AT Holiday +8257430.773287058 golden -33.461619-70.651851 1520000000.918963997

Successfully flooded message to Welsh, 12561 
Successfully flooded message to Wilkes, 12562 
Successfully flooded message to Goloman, 12558 
Data received: 'IAMAT golden -33.461619-70.651851 1520000000.918963997'
Data sent to client: AT Holiday +8257430.773287058 golden -33.461619-70.651851 1520000000.918963997

Successfully flooded message to Welsh, 12561 
Successfully flooded message to Wilkes, 12562 
Successfully flooded message to Goloman, 12558 
Data received: 'IAMAT goldennnnn -33.461619-70.651851 1520000000.918963997'
Data sent to client: AT Holiday +8321947.0306789875 goldennnnn -33.461619-70.651851 1520000000.918963997

Successfully flooded message to Welsh, 12561 
Successfully flooded message to Wilkes, 12562 
Successfully flooded message to Goloman, 12558 
Data received: 'IAMAT goldennnnn -33.461619-70.651851 1520000000.918963997'
Data sent to client: AT Holiday +8321947.0306789875 goldennnnn -33.461619-70.651851 1520000000.918963997

Successfully flooded message to Welsh, 12561 
Successfully flooded message to Wilkes, 12562 
Successfully flooded message to Goloman, 12558 
Data received: 'IAMAT goldennnnn -33.461619-70.651851 1520000000.918963997'
Data sent to client: AT Holiday +8321947.0306789875 goldennnnn -33.461619-70.651851 1520000000.918963997

Successfully flooded message to Welsh, 12561 
Successfully flooded message to Wilkes, 12562 
Successfully flooded message to Goloman, 12558 
Data received: 'IAMAT goldennnnn -33.461619-70.651851 1520000000.918963997'
Data sent to client: AT Holiday +8321947.0306789875 goldennnnn -33.461619-70.651851 1520000000.918963997

Successfully flooded message to Welsh, 12561 
Successfully flooded message to Wilkes, 12562 
Successfully flooded message to Goloman, 12558 
Data received: 'IAMAT goldennnnn -33.461619-70.651851 1520000010.918963997'
Data sent to client: AT Holiday +8322031.505894899 goldennnnn -33.461619-70.651851 1520000010.918963997

Successfully flooded message to Welsh, 12561 
Successfully flooded message to Wilkes, 12562 
Successfully flooded message to Goloman, 12558 
Data received: 'IAMAT goldennnnn -33.461619-70.651851 15200000.918963997'
Data sent to client: AT Holiday +8322031.505894899 goldennnnn -33.461619-70.651851 15200000.918963997

Successfully flooded message to Welsh, 12561 
Successfully flooded message to Wilkes, 12562 
Successfully flooded message to Goloman, 12558 
Data received: 'IAMAT goldennnnn -33.461619-70.651851 15200000.918963997'
Data sent to client: AT Holiday +8322031.505894899 goldennnnn -33.461619-70.651851 15200000.918963997

Successfully flooded message to Welsh, 12561 
Successfully flooded message to Wilkes, 12562 
Successfully flooded message to Goloman, 12558 
Data received: 'IAMAT goldennnnn -33.461619-70.651851 15200000.918963997'
Data sent to client: AT Holiday +8322031.505894899 goldennnnn -33.461619-70.651851 15200000.918963997

Successfully flooded message to Welsh, 12561 
Successfully flooded message to Wilkes, 12562 
Successfully flooded message to Goloman, 12558 
Data received: 'IAMAT goldennnnn -33.461619-70.651851 15200000.918963997'
Data sent to client: AT Holiday +8322031.505894899 goldennnnn -33.461619-70.651851 15200000.918963997

Successfully flooded message to Welsh, 12561 
Successfully flooded message to Wilkes, 12562 
Successfully flooded message to Goloman, 12558 
Data received: 'IAMAT goldennnnn -33.461619-70.651851 15200000.918963997'
Data sent to client: AT Holiday +8322031.505894899 goldennnnn -33.461619-70.651851 15200000.918963997

Successfully flooded message to Welsh, 12561 
Successfully flooded message to Wilkes, 12562 
Successfully flooded message to Goloman, 12558 
Data received: 'IAMAT goldennnnn -33.461619-70.651851 15200000.918963997'
Data sent to client: AT Holiday +8322031.505894899 goldennnnn -33.461619-70.651851 15200000.918963997

Successfully flooded message to Welsh, 12561 
Successfully flooded message to Wilkes, 12562 
Successfully flooded message to Goloman, 12558 
Data received: 'IAMAT goldennnnn -33.461619-70.651851 15300000.918963997'
Data sent to client: AT Holiday +1513035721.630063 goldennnnn -33.461619-70.651851 15300000.918963997

Successfully flooded message to Welsh, 12561 
Successfully flooded message to Wilkes, 12562 
Successfully flooded message to Goloman, 12558 
Data received: 'IAMAT goldennnnn -33.461619-70.651851 15100000.918963997'
Data sent to client: AT Holiday +1513035721.630063 goldennnnn -33.461619-70.651851 15100000.918963997

Successfully flooded message to Welsh, 12561 
Successfully flooded message to Wilkes, 12562 
Successfully flooded message to Goloman, 12558 
Data received: 'IAMAT goldennnnn -33.461619-70.651851 15100000.918963997'
Data sent to client: AT Holiday +1513035721.630063 goldennnnn -33.461619-70.651851 15100000.918963997

Successfully flooded message to Welsh, 12561 
Successfully flooded message to Wilkes, 12562 
Successfully flooded message to Goloman, 12558 
Data received: 'IAMAT goldennnnn -33.461619-70.651851 15100000.918963997'
Data sent to client: AT Holiday +1513035721.630063 goldennnnn -33.461619-70.651851 15100000.918963997

Successfully flooded message to Welsh, 12561 
Successfully flooded message to Wilkes, 12562 
Successfully flooded message to Goloman, 12558 
Data received: 'IAMAT goldennnnn -33.461619-70.651851 151000000.918963997'
Data sent to client: AT Holiday +1377335771.23583 goldennnnn -33.461619-70.651851 151000000.918963997

Successfully flooded message to Welsh, 12561 
Successfully flooded message to Wilkes, 12562 
Successfully flooded message to Goloman, 12558 
Data received: 'IAMAT goldennnnn -33.461619-70.651851 1511000000.918963997'
Data sent to client: AT Holiday +17335776.665034056 goldennnnn -33.461619-70.651851 1511000000.918963997

Successfully flooded message to Welsh, 12561 
Successfully flooded message to Wilkes, 12562 
Successfully flooded message to Goloman, 12558 
Data received: 'IAMAT goldennnnn -33.461619-70.651851 15000000.918963997'
Data sent to client: AT Holiday +17335776.665034056 goldennnnn -33.461619-70.651851 15000000.918963997

Successfully flooded message to Welsh, 12561 
Successfully flooded message to Wilkes, 12562 
Successfully flooded message to Goloman, 12558 
Data received: 'IAMAT goldennnnn -33.461619-70.651851 1500000.918963997'
Data sent to client: AT Holiday +17335776.665034056 goldennnnn -33.461619-70.651851 1500000.918963997

Successfully flooded message to Welsh, 12561 
Successfully flooded message to Wilkes, 12562 
Successfully flooded message to Goloman, 12558 
Data received: 'IAMAT goldennnnn -33.461619-70.651851 1500000.918963997'
Data sent to client: AT Holiday +17335776.665034056 goldennnnn -33.461619-70.651851 1500000.918963997

Successfully flooded message to Welsh, 12561 
Successfully flooded message to Wilkes, 12562 
Successfully flooded message to Goloman, 12558 
Data received: 'IAMAT goldennnnn -33.461619-70.651851 1500.918963997'
Data sent to client: AT Holiday +17335776.665034056 goldennnnn -33.461619-70.651851 1500.918963997

Successfully flooded message to Welsh, 12561 
Successfully flooded message to Wilkes, 12562 
Successfully flooded message to Goloman, 12558 
Data received: 'IAMAT goldennnnn -33.461619-70.651851 1500000000.918963997'
Data sent to client: AT Holiday +28335796.64685917 goldennnnn -33.461619-70.651851 1500000000.918963997

Successfully flooded message to Welsh, 12561 
Successfully flooded message to Wilkes, 12562 
Successfully flooded message to Goloman, 12558 
Data received: 'IAMAT goldennnnn -33.461619-70.651851 1500000.918963997'
Data sent to client: AT Holiday +28335796.64685917 goldennnnn -33.461619-70.651851 1500000.918963997

Successfully flooded message to Welsh, 12561 
Successfully flooded message to Wilkes, 12562 
Successfully flooded message to Goloman, 12558 
Closing Holiday
Connection from ('127.0.0.1', 59579) 
Data received: 'IAMAT goldennnnn -33.461619-70.651851 150000000'
Data sent to client: AT Holiday +1378337300.27731 goldennnnn -33.461619-70.651851 150000000

Successfully flooded message to Welsh, 12561 
Successfully flooded message to Wilkes, 12562 
Successfully flooded message to Goloman, 12558 
Data received: 'IAMAT goldennnnn -33.461619-70.651851 1500000000'
Data sent to client: AT Holiday +28337306.644490957 goldennnnn -33.461619-70.651851 1500000000

Successfully flooded message to Welsh, 12561 
Successfully flooded message to Wilkes, 12562 
Successfully flooded message to Goloman, 12558 
Data received: 'IAMAT goldennnnn -33.461619-70.651851 15000000000'
Data sent to client: AT Holiday -13471662690.706614 goldennnnn -33.461619-70.651851 15000000000

Successfully flooded message to Welsh, 12561 
Successfully flooded message to Wilkes, 12562 
Successfully flooded message to Goloman, 12558 
Data received: 'IAMAT goldennnnn -33.461619-70.651851 1500000000'
Data sent to client: AT Holiday +28337311.033013105 goldennnnn -33.461619-70.651851 1500000000

Data received: 'IAMAT goldennnnn -33.461619-70.651851 1600000000'
Data sent to client: AT Holiday -71662685.58916092 goldennnnn -33.461619-70.651851 1600000000

Successfully flooded message to Welsh, 12561 
Successfully flooded message to Wilkes, 12562 
Successfully flooded message to Goloman, 12558 
Data received: 'IAMAT goldennnnn -33.461619-70.651851 1503000000'
Data sent to client: AT Holiday +25337319.09896183 goldennnnn -33.461619-70.651851 1503000000

Data received: 'IAMAT goldennnnn -33.461619-70.651851 1600000000'
Data sent to client: AT Holiday -71662667.59193087 goldennnnn -33.461619-70.651851 1600000000

Successfully flooded message to Welsh, 12561 
Successfully flooded message to Wilkes, 12562 
Successfully flooded message to Goloman, 12558 
Data received: 'IAMAT goldennnnn -33.461619-70.651851 1503000000'
Data sent to client: AT Holiday +25337347.555801153 goldennnnn -33.461619-70.651851 1503000000

Closing Holiday
Connection from ('127.0.0.1', 59629) 
Data received: 'IAMAT kiwi.cs.ucla.edu +34.068930-118.445127 1520023934.918963997'
Data sent to client: AT Holiday +8313464.08937192 kiwi.cs.ucla.edu +34.068930-118.445127 1520023934.918963997

Successfully flooded message to Welsh, 12561 
Successfully flooded message to Wilkes, 12562 
Successfully flooded message to Goloman, 12558 
Data received: 'IAMAT kiwi.cs.ucla.edu +34.068930-118.445127 1521023934.918963997'
Data sent to client: AT Holiday +7313503.623999119 kiwi.cs.ucla.edu +34.068930-118.445127 1521023934.918963997

Successfully flooded message to Welsh, 12561 
Successfully flooded message to Wilkes, 12562 
Successfully flooded message to Goloman, 12558 
Data received: 'IAMAT kiwi.cs.ucla.edu +34.068930-118.445127 1520023934.918963997'
Data sent to client: AT Holiday +8313524.219575167 kiwi.cs.ucla.edu +34.068930-118.445127 1520023934.918963997

Data received: 'IAMAT kiwi.cs.ucla.edu +34.068930-118.445127 1522023934.918963997'
Data sent to client: AT Holiday +6313559.644042015 kiwi.cs.ucla.edu +34.068930-118.445127 1522023934.918963997

Successfully flooded message to Welsh, 12561 
Successfully flooded message to Wilkes, 12562 
Successfully flooded message to Goloman, 12558 
Data received: 'IAMAT kiwi.cs.ucla.edu +35.068930-118.445127 1523023934.918963997'
Data sent to client: AT Holiday +5313589.071855068 kiwi.cs.ucla.edu +35.068930-118.445127 1523023934.918963997

Successfully flooded message to Welsh, 12561 
Successfully flooded message to Wilkes, 12562 
Successfully flooded message to Goloman, 12558 
Closing Holiday
